Using pre-set license
Built from '2021.3/staging' branch; Version is '2021.3.18f1 (3129e69bc0c7) revision 3221990'; Using compiler version '192829333'; Build Type 'Release'
OS: 'Windows 11  (10.0.22621) 64bit CoreSingleLanguage' Language: 'tr' Physical Memory: 6005 MB
BatchMode: 1, IsHumanControllingUs: 0, StartBugReporterOnCrash: 0, Is64bit: 1, IsPro: 1

COMMAND LINE ARGUMENTS:
C:\Program Files\Unity\Hub\Editor\2021.3.18f1\Editor\Unity.exe
-adb2
-batchMode
-noUpm
-name
AssetImportWorker2
-projectPath
C:/Users/bhany/OneDrive/Masaüstü/İş/Swefn Games/CubeSurfer/CubeSurfer
-logFile
Logs/AssetImportWorker2.log
-srvPort
50102
Successfully changed project path to: C:/Users/bhany/OneDrive/Masaüstü/İş/Swefn Games/CubeSurfer/CubeSurfer
C:/Users/bhany/OneDrive/Masaüstü/İş/Swefn Games/CubeSurfer/CubeSurfer
[UnityMemory] Configuration Parameters - Can be set up in boot.config
    "memorysetup-bucket-allocator-granularity=16"
    "memorysetup-bucket-allocator-bucket-count=8"
    "memorysetup-bucket-allocator-block-size=33554432"
    "memorysetup-bucket-allocator-block-count=8"
    "memorysetup-main-allocator-block-size=16777216"
    "memorysetup-thread-allocator-block-size=16777216"
    "memorysetup-gfx-main-allocator-block-size=16777216"
    "memorysetup-gfx-thread-allocator-block-size=16777216"
    "memorysetup-cache-allocator-block-size=4194304"
    "memorysetup-typetree-allocator-block-size=2097152"
    "memorysetup-profiler-bucket-allocator-granularity=16"
    "memorysetup-profiler-bucket-allocator-bucket-count=8"
    "memorysetup-profiler-bucket-allocator-block-size=33554432"
    "memorysetup-profiler-bucket-allocator-block-count=8"
    "memorysetup-profiler-allocator-block-size=16777216"
    "memorysetup-profiler-editor-allocator-block-size=1048576"
    "memorysetup-temp-allocator-size-main=16777216"
    "memorysetup-job-temp-allocator-block-size=2097152"
    "memorysetup-job-temp-allocator-block-size-background=1048576"
    "memorysetup-job-temp-allocator-reduction-small-platforms=262144"
    "memorysetup-temp-allocator-size-background-worker=32768"
    "memorysetup-temp-allocator-size-job-worker=262144"
    "memorysetup-temp-allocator-size-preload-manager=33554432"
    "memorysetup-temp-allocator-size-nav-mesh-worker=65536"
    "memorysetup-temp-allocator-size-audio-worker=65536"
    "memorysetup-temp-allocator-size-cloud-worker=32768"
    "memorysetup-temp-allocator-size-gi-baking-worker=262144"
    "memorysetup-temp-allocator-size-gfx=262144"
Player connection [18592] Host "[IP] 192.168.1.11 [Port] 0 [Flags] 2 [Guid] 1799613535 [EditorId] 1799613535 [Version] 1048832 [Id] WindowsEditor(7,BatuhanYagici) [Debug] 1 [PackageName] WindowsEditor [ProjectName] Editor" joined multi-casting on [225.0.0.222:54997]...

Player connection [18592] Host "[IP] 192.168.1.11 [Port] 0 [Flags] 2 [Guid] 1799613535 [EditorId] 1799613535 [Version] 1048832 [Id] WindowsEditor(7,BatuhanYagici) [Debug] 1 [PackageName] WindowsEditor [ProjectName] Editor" joined alternative multi-casting on [225.0.0.222:34997]...

Refreshing native plugins compatible for Editor in 92.28 ms, found 3 plugins.
Preloading 0 native plugins for Editor in 0.00 ms.
Initialize engine version: 2021.3.18f1 (3129e69bc0c7)
[Subsystems] Discovering subsystems at path C:/Program Files/Unity/Hub/Editor/2021.3.18f1/Editor/Data/Resources/UnitySubsystems
[Subsystems] Discovering subsystems at path C:/Users/bhany/OneDrive/Masaüstü/İş/Swefn Games/CubeSurfer/CubeSurfer/Assets
GfxDevice: creating device client; threaded=0; jobified=0
Direct3D:
    Version:  Direct3D 11.0 [level 11.1]
    Renderer: AMD Radeon(TM) Graphics (ID=0x164c)
    Vendor:   ATI
    VRAM:     3002 MB
    Driver:   30.0.14052.9003
Initialize mono
Mono path[0] = 'C:/Program Files/Unity/Hub/Editor/2021.3.18f1/Editor/Data/Managed'
Mono path[1] = 'C:/Program Files/Unity/Hub/Editor/2021.3.18f1/Editor/Data/MonoBleedingEdge/lib/mono/unityjit-win32'
Mono config path = 'C:/Program Files/Unity/Hub/Editor/2021.3.18f1/Editor/Data/MonoBleedingEdge/etc'
Using monoOptions --debugger-agent=transport=dt_socket,embedding=1,server=y,suspend=n,address=127.0.0.1:56372
Begin MonoManager ReloadAssembly
Registering precompiled unity dll's ...
Register platform support module: C:/Program Files/Unity/Hub/Editor/2021.3.18f1/Editor/Data/PlaybackEngines/WebGLSupport/UnityEditor.WebGL.Extensions.dll
Register platform support module: C:/Program Files/Unity/Hub/Editor/2021.3.18f1/Editor/Data/PlaybackEngines/AndroidPlayer/UnityEditor.Android.Extensions.dll
Register platform support module: C:/Program Files/Unity/Hub/Editor/2021.3.18f1/Editor/Data/PlaybackEngines/iOSSupport/UnityEditor.iOS.Extensions.dll
Register platform support module: C:/Program Files/Unity/Hub/Editor/2021.3.18f1/Editor/Data/PlaybackEngines/WindowsStandaloneSupport/UnityEditor.WindowsStandalone.Extensions.dll
Registered in 0.006251 seconds.
Native extension for WindowsStandalone target not found
[usbmuxd] Start listen thread
[usbmuxd] Listen thread started
Native extension for iOS target not found
Native extension for Android target not found
Android Extension - Scanning For ADB Devices 347 ms
Native extension for WebGL target not found
Refreshing native plugins compatible for Editor in 83.46 ms, found 3 plugins.
Preloading 0 native plugins for Editor in 0.00 ms.
Mono: successfully reloaded assembly
- Completed reload, in  1.133 seconds
Domain Reload Profiling:
	ReloadAssembly (1134ms)
		BeginReloadAssembly (97ms)
			ExecutionOrderSort (0ms)
			DisableScriptedObjects (0ms)
			BackupInstance (0ms)
			ReleaseScriptingObjects (0ms)
			CreateAndSetChildDomain (1ms)
		EndReloadAssembly (917ms)
			LoadAssemblies (96ms)
			RebuildTransferFunctionScriptingTraits (0ms)
			SetupTypeCache (135ms)
			ReleaseScriptCaches (0ms)
			RebuildScriptCaches (38ms)
			SetupLoadedEditorAssemblies (687ms)
				LogAssemblyErrors (0ms)
				InitializePlatformSupportModulesInManaged (435ms)
				SetLoadedEditorAssemblies (0ms)
				RefreshPlugins (84ms)
				BeforeProcessingInitializeOnLoad (2ms)
				ProcessInitializeOnLoadAttributes (111ms)
				ProcessInitializeOnLoadMethodAttributes (54ms)
				AfterProcessingInitializeOnLoad (0ms)
				EditorAssembliesLoaded (0ms)
			ExecutionOrderSort2 (0ms)
			AwakeInstancesAfterBackupRestoration (0ms)
Platform modules already initialized, skipping
Registering precompiled user dll's ...
Registered in 0.004302 seconds.
Begin MonoManager ReloadAssembly
Symbol file LoadedFromMemory doesn't match image C:\Users\bhany\OneDrive\Masaüstü\İş\Swefn Games\CubeSurfer\CubeSurfer\Library\PackageCache\com.unity.visualscripting@1.8.0\Editor\VisualScripting.Core\Dependencies\YamlDotNet\Unity.VisualScripting.YamlDotNet.dll
Symbol file LoadedFromMemory doesn't match image C:\Users\bhany\OneDrive\Masaüstü\İş\Swefn Games\CubeSurfer\CubeSurfer\Library\PackageCache\com.unity.visualscripting@1.8.0\Editor\VisualScripting.Core\Dependencies\DotNetZip\Unity.VisualScripting.IonicZip.dll
Native extension for WindowsStandalone target not found
Native extension for iOS target not found
Native extension for Android target not found
Native extension for WebGL target not found
Refreshing native plugins compatible for Editor in 0.61 ms, found 3 plugins.
Preloading 0 native plugins for Editor in 0.00 ms.
Mono: successfully reloaded assembly
- Completed reload, in  1.388 seconds
Domain Reload Profiling:
	ReloadAssembly (1389ms)
		BeginReloadAssembly (279ms)
			ExecutionOrderSort (0ms)
			DisableScriptedObjects (9ms)
			BackupInstance (0ms)
			ReleaseScriptingObjects (0ms)
			CreateAndSetChildDomain (24ms)
		EndReloadAssembly (990ms)
			LoadAssemblies (316ms)
			RebuildTransferFunctionScriptingTraits (0ms)
			SetupTypeCache (273ms)
			ReleaseScriptCaches (1ms)
			RebuildScriptCaches (69ms)
			SetupLoadedEditorAssemblies (432ms)
				LogAssemblyErrors (0ms)
				InitializePlatformSupportModulesInManaged (30ms)
				SetLoadedEditorAssemblies (0ms)
				RefreshPlugins (1ms)
				BeforeProcessingInitializeOnLoad (104ms)
				ProcessInitializeOnLoadAttributes (271ms)
				ProcessInitializeOnLoadMethodAttributes (21ms)
				AfterProcessingInitializeOnLoad (5ms)
				EditorAssembliesLoaded (0ms)
			ExecutionOrderSort2 (0ms)
			AwakeInstancesAfterBackupRestoration (6ms)
Platform modules already initialized, skipping
========================================================================
Worker process is ready to serve import requests
Launched and connected shader compiler UnityShaderCompiler.exe after 0.35 seconds
Refreshing native plugins compatible for Editor in 0.77 ms, found 3 plugins.
Preloading 0 native plugins for Editor in 0.00 ms.
Unloading 3058 Unused Serialized files (Serialized files now loaded: 0)
Unloading 24 unused Assets / (113.7 KB). Loaded Objects now: 3521.
Memory consumption went from 109.2 MB to 109.1 MB.
Total: 6.080500 ms (FindLiveObjects: 0.459300 ms CreateObjectMapping: 0.112800 ms MarkObjects: 5.275100 ms  DeleteObjects: 0.230700 ms)

AssetImportParameters requested are different than current active one (requested -> active):
  custom:video-decoder-ogg-theora: a1e56fd34408186e4bbccfd4996cb3dc -> 
  custom:container-muxer-webm: aa71ff27fc2769a1b78a27578f13a17b -> 
  custom:container-demuxer-webm: 4f35f7cbe854078d1ac9338744f61a02 -> 
  custom:video-encoder-webm-vp8: eb34c28f22e8b96e1ab97ce403110664 -> 
  custom:video-codec-MediaFoundation-h265: 746d11721c4dcdbdad8f713fa42b33f4 -> 
  custom:audio-encoder-webm-vorbis: bf7c407c2cedff20999df2af8eb42d56 -> 
  custom:framework-win-MediaFoundation: 216162199b28c13a410421893ffa2e32 -> 
  custom:container-demuxer-ogg: 62fdf1f143b41e24485cea50d1cbac27 -> 
  custom:video-decoder-webm-vp8: 9c59270c3fd7afecdb556c50c9e8de78 -> 
  custom:audio-decoder-ogg-vorbis: bf7c407c2cedff20999df2af8eb42d56 -> 
========================================================================
Received Import Request.
  Time since last request: 8394.058750 seconds.
  path: Assets/Supercyan Character Pack Free Sample/Shaders/Legacy/CelShader.shader
  artifactKey: Guid(23909667c68d42d438b2d58d160c6cd9) Importer(2089858483,0ecaa5967403d082aa24f35e1b516d23)
Start importing Assets/Supercyan Character Pack Free Sample/Shaders/Legacy/CelShader.shader using Guid(23909667c68d42d438b2d58d160c6cd9) Importer(2089858483,0ecaa5967403d082aa24f35e1b516d23) Generated GUIDs only implemented for interfaces!
 -> (artifact id: 'fe628154a4e631c480503efb09c6f0cc') in 0.163766 seconds 
========================================================================
Received Import Request.
  Time since last request: 0.000049 seconds.
  path: Assets/Supercyan Character Pack Free Sample/Scenes/DemoScene/ReflectionProbe-0.exr
  artifactKey: Guid(3908bb1c2ff97c94b87da7a13a4f51d6) Importer(2089858483,0ecaa5967403d082aa24f35e1b516d23)
Start importing Assets/Supercyan Character Pack Free Sample/Scenes/DemoScene/ReflectionProbe-0.exr using Guid(3908bb1c2ff97c94b87da7a13a4f51d6) Importer(2089858483,0ecaa5967403d082aa24f35e1b516d23) Generated GUIDs only implemented for interfaces!
 -> (artifact id: 'd4c8af690936947d894f7945174a5f45') in 0.091752 seconds 
========================================================================
Received Import Request.
  Time since last request: 0.000063 seconds.
  path: Assets/Supercyan Character Pack Free Sample/Prefabs/Base/Mobile/MobileMaleFree1.prefab
  artifactKey: Guid(1e8e1924bb442334c9125455634bb567) Importer(815301076,1909f56bfc062723c751e8b465ee728b)
Start importing Assets/Supercyan Character Pack Free Sample/Prefabs/Base/Mobile/MobileMaleFree1.prefab using Guid(1e8e1924bb442334c9125455634bb567) Importer(815301076,1909f56bfc062723c751e8b465ee728b)  -> (artifact id: 'a4443998cb4e422fd9bf0c2b26a7588e') in 0.315422 seconds 
========================================================================
Received Import Request.
  Time since last request: 0.000044 seconds.
  path: Assets/Supercyan Character Pack Free Sample/Scripts/DemoFree.cs
  artifactKey: Guid(7363fb51bbe95584ea6b81693b2efc38) Importer(2089858483,0ecaa5967403d082aa24f35e1b516d23)
Start importing Assets/Supercyan Character Pack Free Sample/Scripts/DemoFree.cs using Guid(7363fb51bbe95584ea6b81693b2efc38) Importer(2089858483,0ecaa5967403d082aa24f35e1b516d23) Generated GUIDs only implemented for interfaces!
 -> (artifact id: '0a9f708f5a23fefbc04ab2e80ce83085') in 0.021547 seconds 
========================================================================
Received Import Request.
  Time since last request: 0.000024 seconds.
  path: Assets/Supercyan Character Pack Free Sample/Textures/free_male_1_head_diffuse.psd
  artifactKey: Guid(e03c11e17f949074ea495c20697e773f) Importer(2089858483,0ecaa5967403d082aa24f35e1b516d23)
Start importing Assets/Supercyan Character Pack Free Sample/Textures/free_male_1_head_diffuse.psd using Guid(e03c11e17f949074ea495c20697e773f) Importer(2089858483,0ecaa5967403d082aa24f35e1b516d23) Generated GUIDs only implemented for interfaces!
 -> (artifact id: 'de0c522c4453299802df959564f7d204') in 0.055010 seconds 
========================================================================
Received Import Request.
  Time since last request: 0.000025 seconds.
  path: Assets/Supercyan Character Pack Free Sample/Scenes/DemoScene/LightingData.asset
  artifactKey: Guid(493b3256e219d69489443246cfdd72cb) Importer(2089858483,0ecaa5967403d082aa24f35e1b516d23)
Start importing Assets/Supercyan Character Pack Free Sample/Scenes/DemoScene/LightingData.asset using Guid(493b3256e219d69489443246cfdd72cb) Importer(2089858483,0ecaa5967403d082aa24f35e1b516d23) Generated GUIDs only implemented for interfaces!
 -> (artifact id: 'd4ce4960c9e52976b34c1e0c0024d6fa') in 0.024481 seconds 
========================================================================
Received Import Request.
  Time since last request: 0.000030 seconds.
  path: Assets/Supercyan Character Pack Free Sample/Scripts/SimpleSampleCharacterControl.cs
  artifactKey: Guid(ba158ff05cf30224f94bfdddec8e7635) Importer(2089858483,0ecaa5967403d082aa24f35e1b516d23)
Start importing Assets/Supercyan Character Pack Free Sample/Scripts/SimpleSampleCharacterControl.cs using Guid(ba158ff05cf30224f94bfdddec8e7635) Importer(2089858483,0ecaa5967403d082aa24f35e1b516d23) Generated GUIDs only implemented for interfaces!
 -> (artifact id: '535545cab9439570735c8a367592670e') in 0.019453 seconds 
========================================================================
Received Import Request.
  Time since last request: 0.000041 seconds.
  path: Assets/Scenes/SampleScene.unity
  artifactKey: Guid(9fc0d4010bbf28b4594072e72b8655ab) Importer(2089858483,0ecaa5967403d082aa24f35e1b516d23)
Start importing Assets/Scenes/SampleScene.unity using Guid(9fc0d4010bbf28b4594072e72b8655ab) Importer(2089858483,0ecaa5967403d082aa24f35e1b516d23) Generated GUIDs only implemented for interfaces!
 -> (artifact id: '689e01890c8760d673c6d70b88826327') in 0.026847 seconds 
========================================================================
Received Import Request.
  Time since last request: 0.000062 seconds.
  path: Assets/Supercyan Character Pack Free Sample/Prefabs/Base/Mobile
  artifactKey: Guid(12f2fa796a259784aa5910a9e0947f04) Importer(815301076,1909f56bfc062723c751e8b465ee728b)
Start importing Assets/Supercyan Character Pack Free Sample/Prefabs/Base/Mobile using Guid(12f2fa796a259784aa5910a9e0947f04) Importer(815301076,1909f56bfc062723c751e8b465ee728b)  -> (artifact id: '4f476d1e3d98a844adfbbdedcdd931f0') in 0.003030 seconds 
========================================================================
Received Import Request.
  Time since last request: 0.000064 seconds.
  path: Assets/Supercyan Character Pack Free Sample/Free Sample Readme v2.1.pdf
  artifactKey: Guid(bc1ba5d3e5f712842aa93e82efafbf34) Importer(2089858483,0ecaa5967403d082aa24f35e1b516d23)
Start importing Assets/Supercyan Character Pack Free Sample/Free Sample Readme v2.1.pdf using Guid(bc1ba5d3e5f712842aa93e82efafbf34) Importer(2089858483,0ecaa5967403d082aa24f35e1b516d23) Generated GUIDs only implemented for interfaces!
 -> (artifact id: '2fff712e38addef6b2d1d35bbeec5ac1') in 0.023478 seconds 
========================================================================
Received Import Request.
  Time since last request: 0.000034 seconds.
  path: Assets/Supercyan Character Pack Free Sample/Scenes/DemoScene/ReflectionProbe-0.exr
  artifactKey: Guid(3908bb1c2ff97c94b87da7a13a4f51d6) Importer(815301076,1909f56bfc062723c751e8b465ee728b)
Start importing Assets/Supercyan Character Pack Free Sample/Scenes/DemoScene/ReflectionProbe-0.exr using Guid(3908bb1c2ff97c94b87da7a13a4f51d6) Importer(815301076,1909f56bfc062723c751e8b465ee728b)  -> (artifact id: 'f59173538243dc6d92cee0f4333dc280') in 0.073129 seconds 
========================================================================
Received Import Request.
  Time since last request: 0.000058 seconds.
  path: Assets/Supercyan Character Pack Free Sample/Textures/free_male_1_body_diffuse.psd
  artifactKey: Guid(66f042053f73a50488acb6b09c6afdd2) Importer(2089858483,0ecaa5967403d082aa24f35e1b516d23)
Start importing Assets/Supercyan Character Pack Free Sample/Textures/free_male_1_body_diffuse.psd using Guid(66f042053f73a50488acb6b09c6afdd2) Importer(2089858483,0ecaa5967403d082aa24f35e1b516d23) Generated GUIDs only implemented for interfaces!
 -> (artifact id: '5d380ef72771c65f741471181740dee8') in 0.046241 seconds 
========================================================================
Received Import Request.
  Time since last request: 0.000056 seconds.
  path: Assets/Supercyan Character Pack Free Sample/Prefabs/Base/High Quality/MaleFree1.prefab
  artifactKey: Guid(313ad0ef31f75b84f9f31c0528802fdd) Importer(2089858483,0ecaa5967403d082aa24f35e1b516d23)
Start importing Assets/Supercyan Character Pack Free Sample/Prefabs/Base/High Quality/MaleFree1.prefab using Guid(313ad0ef31f75b84f9f31c0528802fdd) Importer(2089858483,0ecaa5967403d082aa24f35e1b516d23) Generated GUIDs only implemented for interfaces!
 -> (artifact id: 'be310757e9e3b88f63daecda1cac7417') in 0.036894 seconds 
========================================================================
Received Import Request.
  Time since last request: 0.000056 seconds.
  path: Assets/Scripts/Cube/CollectableObject.cs
  artifactKey: Guid(ea167aec134113a42a9ed1d3fd5883b8) Importer(2089858483,0ecaa5967403d082aa24f35e1b516d23)
Start importing Assets/Scripts/Cube/CollectableObject.cs using Guid(ea167aec134113a42a9ed1d3fd5883b8) Importer(2089858483,0ecaa5967403d082aa24f35e1b516d23) Generated GUIDs only implemented for interfaces!
 -> (artifact id: 'e379050b13abc8d41058ee47028cb262') in 0.020129 seconds 
========================================================================
Received Prepare
Refreshing native plugins compatible for Editor in 9.42 ms, found 3 plugins.
Preloading 0 native plugins for Editor in 0.00 ms.
Unloading 17 Unused Serialized files (Serialized files now loaded: 0)
Unloading 17 unused Assets / (77.6 KB). Loaded Objects now: 3558.
Memory consumption went from 65.6 MB to 65.5 MB.
Total: 7.072600 ms (FindLiveObjects: 0.474000 ms CreateObjectMapping: 0.288100 ms MarkObjects: 6.168200 ms  DeleteObjects: 0.140900 ms)

AssetImportParameters requested are different than current active one (requested -> active):
  custom:video-decoder-ogg-theora: a1e56fd34408186e4bbccfd4996cb3dc -> 
  custom:container-muxer-webm: aa71ff27fc2769a1b78a27578f13a17b -> 
  custom:container-demuxer-webm: 4f35f7cbe854078d1ac9338744f61a02 -> 
  custom:video-encoder-webm-vp8: eb34c28f22e8b96e1ab97ce403110664 -> 
  custom:video-codec-MediaFoundation-h265: 746d11721c4dcdbdad8f713fa42b33f4 -> 
  custom:audio-encoder-webm-vorbis: bf7c407c2cedff20999df2af8eb42d56 -> 
  custom:framework-win-MediaFoundation: 216162199b28c13a410421893ffa2e32 -> 
  custom:SearchIndexIgnoredProperties: e643bd26f0fe6173181afceb89e7c659 -> 
  custom:container-demuxer-ogg: 62fdf1f143b41e24485cea50d1cbac27 -> 
  custom:video-decoder-webm-vp8: 9c59270c3fd7afecdb556c50c9e8de78 -> 
  custom:audio-decoder-ogg-vorbis: bf7c407c2cedff20999df2af8eb42d56 -> 
========================================================================
Received Import Request.
  Time since last request: 160.198262 seconds.
  path: Assets/Materials
  artifactKey: Guid(ffb03f196b3547b4aa413388f33a47ac) Importer(815301076,1909f56bfc062723c751e8b465ee728b)
Start importing Assets/Materials using Guid(ffb03f196b3547b4aa413388f33a47ac) Importer(815301076,1909f56bfc062723c751e8b465ee728b)  -> (artifact id: '92998f81c70af68354f9344c489a2de3') in 0.009691 seconds 
========================================================================
Received Import Request.
  Time since last request: 0.949189 seconds.
  path: Assets/Materials
  artifactKey: Guid(ffb03f196b3547b4aa413388f33a47ac) Importer(2089858483,0ecaa5967403d082aa24f35e1b516d23)
Start importing Assets/Materials using Guid(ffb03f196b3547b4aa413388f33a47ac) Importer(2089858483,0ecaa5967403d082aa24f35e1b516d23) Generated GUIDs only implemented for interfaces!
 -> (artifact id: '5905ce362c87aa5d5f25e7799bdc179e') in 0.013379 seconds 
========================================================================
Received Import Request.
  Time since last request: 12.052775 seconds.
  path: Assets/Materials/Plane.mat
  artifactKey: Guid(36b235b7642c982459c5004c1f04d5b0) Importer(2089858483,0ecaa5967403d082aa24f35e1b516d23)
Start importing Assets/Materials/Plane.mat using Guid(36b235b7642c982459c5004c1f04d5b0) Importer(2089858483,0ecaa5967403d082aa24f35e1b516d23) Generated GUIDs only implemented for interfaces!
 -> (artifact id: '6c68e51be12c16eecc82fa17c58e5c81') in 0.053529 seconds 
========================================================================
Received Import Request.
  Time since last request: 66.112892 seconds.
  path: Assets/Materials/Cube.mat
  artifactKey: Guid(91ca70c8f32bfe243b019d8187019f67) Importer(2089858483,0ecaa5967403d082aa24f35e1b516d23)
Start importing Assets/Materials/Cube.mat using Guid(91ca70c8f32bfe243b019d8187019f67) Importer(2089858483,0ecaa5967403d082aa24f35e1b516d23) Generated GUIDs only implemented for interfaces!
 -> (artifact id: 'd55c44451de56b8ffa5ebb34ea8b2a5f') in 0.023130 seconds 
========================================================================
Received Import Request.
  Time since last request: 12.838910 seconds.
  path: Assets/Materials/ObstacleCube.mat
  artifactKey: Guid(913d426cc87d65047b8329b472898a63) Importer(2089858483,0ecaa5967403d082aa24f35e1b516d23)
Start importing Assets/Materials/ObstacleCube.mat using Guid(913d426cc87d65047b8329b472898a63) Importer(2089858483,0ecaa5967403d082aa24f35e1b516d23) Generated GUIDs only implemented for interfaces!
 -> (artifact id: '1af5f2150056b80fe49fb2aa31d57ccc') in 0.016679 seconds 
========================================================================
Received Import Request.
  Time since last request: 13.225476 seconds.
  path: Assets/Materials/Sky.mat
  artifactKey: Guid(de3ce987748082141bdd6e54cb96dd15) Importer(2089858483,0ecaa5967403d082aa24f35e1b516d23)
Start importing Assets/Materials/Sky.mat using Guid(de3ce987748082141bdd6e54cb96dd15) Importer(2089858483,0ecaa5967403d082aa24f35e1b516d23) Generated GUIDs only implemented for interfaces!
 -> (artifact id: '37d564a32f7e9b540b2246fa07c5c611') in 0.022379 seconds 
========================================================================
Received Import Request.
  Time since last request: 207.522512 seconds.
  path: Assets/Materials/Plane.mat
  artifactKey: Guid(36b235b7642c982459c5004c1f04d5b0) Importer(2089858483,0ecaa5967403d082aa24f35e1b516d23)
Start importing Assets/Materials/Plane.mat using Guid(36b235b7642c982459c5004c1f04d5b0) Importer(2089858483,0ecaa5967403d082aa24f35e1b516d23) Generated GUIDs only implemented for interfaces!
 -> (artifact id: '75b9a7e7abbd99e30464f918f5bc4951') in 0.024685 seconds 
========================================================================
Received Import Request.
  Time since last request: 0.000042 seconds.
  path: Assets/Materials/Cube.mat
  artifactKey: Guid(91ca70c8f32bfe243b019d8187019f67) Importer(2089858483,0ecaa5967403d082aa24f35e1b516d23)
Start importing Assets/Materials/Cube.mat using Guid(91ca70c8f32bfe243b019d8187019f67) Importer(2089858483,0ecaa5967403d082aa24f35e1b516d23) Generated GUIDs only implemented for interfaces!
 -> (artifact id: 'ecd4c5b15ec3c866b30abbbbaa4a7ccd') in 0.071959 seconds 
========================================================================
Received Import Request.
  Time since last request: 0.000060 seconds.
  path: Assets/Scenes/SampleScene.unity
  artifactKey: Guid(9fc0d4010bbf28b4594072e72b8655ab) Importer(2089858483,0ecaa5967403d082aa24f35e1b516d23)
Start importing Assets/Scenes/SampleScene.unity using Guid(9fc0d4010bbf28b4594072e72b8655ab) Importer(2089858483,0ecaa5967403d082aa24f35e1b516d23) Generated GUIDs only implemented for interfaces!
 -> (artifact id: 'ae5c2afaae06f08f5b225172be9ba11b') in 0.020627 seconds 
Editor requested this worker to shutdown with reason: Scaling down because of idle timeout
AssetImportWorker is now disconnected from the server
Process exiting
Exiting without the bug reporter. Application will terminate with return code 0